# JRE version: Java(TM) SE Runtime Environment (8.0_281-b09) (build 1.8.0_281-b09)
# Java VM: Java HotSpot(TM) 64-Bit Server VM (25.281-b09 mixed mode windows-amd64 compressed oops)
Heap:
 PSYoungGen      total 36352K, used 11866K [0x00000000d7900000, 0x00000000da180000, 0x0000000100000000)
  eden space 31232K, 21% used [0x00000000d7900000,0x00000000d7f99030,0x00000000d9780000)
  from space 5120K, 99% used [0x00000000d9780000,0x00000000d9c7d8e8,0x00000000d9c80000)
  to   space 5120K, 0% used [0x00000000d9c80000,0x00000000d9c80000,0x00000000da180000)
 ParOldGen       total 83456K, used 8175K [0x0000000086a00000, 0x000000008bb80000, 0x00000000d7900000)
  object space 83456K, 9% used [0x0000000086a00000,0x00000000871fbe10,0x000000008bb80000)
 Metaspace       used 19885K, capacity 20360K, committed 20480K, reserved 1067008K
  class space    used 2428K, capacity 2544K, committed 2560K, reserved 1048576K
GC Heap History (6 events):
Event: 20.790 GC heap before
{Heap before GC invocations=1 (full 0):
 PSYoungGen      total 36352K, used 31232K [0x00000000d7900000, 0x00000000da180000, 0x0000000100000000)
  eden space 31232K, 100% used [0x00000000d7900000,0x00000000d9780000,0x00000000d9780000)
  from space 5120K, 0% used [0x00000000d9c80000,0x00000000d9c80000,0x00000000da180000)
  to   space 5120K, 0% used [0x00000000d9780000,0x00000000d9780000,0x00000000d9c80000)
 ParOldGen       total 83456K, used 0K [0x0000000086a00000, 0x000000008bb80000, 0x00000000d7900000)
  object space 83456K, 0% used [0x0000000086a00000,0x0000000086a00000,0x000000008bb80000)
 Metaspace       used 6955K, capacity 7068K, committed 7296K, reserved 1056768K
  class space    used 809K, capacity 866K, committed 896K, reserved 1048576K
Event: 20.987 GC heap after
Heap after GC invocations=1 (full 0):
 PSYoungGen      total 36352K, used 5098K [0x00000000d7900000, 0x00000000da180000, 0x0000000100000000)
  eden space 31232K, 0% used [0x00000000d7900000,0x00000000d7900000,0x00000000d9780000)
  from space 5120K, 99% used [0x00000000d9780000,0x00000000d9c7a878,0x00000000d9c80000)
  to   space 5120K, 0% used [0x00000000d9c80000,0x00000000d9c80000,0x00000000da180000)
 ParOldGen       total 83456K, used 290K [0x0000000086a00000, 0x000000008bb80000, 0x00000000d7900000)
  object space 83456K, 0% used [0x0000000086a00000,0x0000000086a48830,0x000000008bb80000)
 Metaspace       used 6955K, capacity 7068K, committed 7296K, reserved 1056768K
  class space    used 809K, capacity 866K, committed 896K, reserved 1048576K
}
Event: 36.034 GC heap before
{Heap before GC invocations=2 (full 0):
 PSYoungGen      total 36352K, used 36330K [0x00000000d7900000, 0x00000000da180000, 0x0000000100000000)
  eden space 31232K, 100% used [0x00000000d7900000,0x00000000d9780000,0x00000000d9780000)
  from space 5120K, 99% used [0x00000000d9780000,0x00000000d9c7a878,0x00000000d9c80000)
  to   space 5120K, 0% used [0x00000000d9c80000,0x00000000d9c80000,0x00000000da180000)
 ParOldGen       total 83456K, used 290K [0x0000000086a00000, 0x000000008bb80000, 0x00000000d7900000)
  object space 83456K, 0% used [0x0000000086a00000,0x0000000086a48830,0x000000008bb80000)
 Metaspace       used 11634K, capacity 12016K, committed 12160K, reserved 1060864K
  class space    used 1442K, capacity 1548K, committed 1664K, reserved 1048576K
Event: 36.216 GC heap after
Heap after GC invocations=2 (full 0):
 PSYoungGen      total 36352K, used 5101K [0x00000000d7900000, 0x00000000dc000000, 0x0000000100000000)
  eden space 31232K, 0% used [0x00000000d7900000,0x00000000d7900000,0x00000000d9780000)
  from space 5120K, 99% used [0x00000000d9c80000,0x00000000da17b6a8,0x00000000da180000)
  to   space 5120K, 0% used [0x00000000d9780000,0x00000000d9780000,0x00000000d9c80000)
 ParOldGen       total 83456K, used 2728K [0x0000000086a00000, 0x000000008bb80000, 0x00000000d7900000)
  object space 83456K, 3% used [0x0000000086a00000,0x0000000086caa168,0x000000008bb80000)
 Metaspace       used 11634K, capacity 12016K, committed 12160K, reserved 1060864K
  class space    used 1442K, capacity 1548K, committed 1664K, reserved 1048576K
}
Event: 48.440 GC heap before
{Heap before GC invocations=3 (full 0):
 PSYoungGen      total 36352K, used 36333K [0x00000000d7900000, 0x00000000dc000000, 0x0000000100000000)
  eden space 31232K, 100% used [0x00000000d7900000,0x00000000d9780000,0x00000000d9780000)
  from space 5120K, 99% used [0x00000000d9c80000,0x00000000da17b6a8,0x00000000da180000)
  to   space 5120K, 0% used [0x00000000d9780000,0x00000000d9780000,0x00000000d9c80000)
 ParOldGen       total 83456K, used 2728K [0x0000000086a00000, 0x000000008bb80000, 0x00000000d7900000)
  object space 83456K, 3% used [0x0000000086a00000,0x0000000086caa168,0x000000008bb80000)
 Metaspace       used 18426K, capacity 18916K, committed 19072K, reserved 1067008K
  class space    used 2251K, capacity 2366K, committed 2432K, reserved 1048576K
Event: 48.493 GC heap after
Heap after GC invocations=3 (full 0):
 PSYoungGen      total 36352K, used 5110K [0x00000000d7900000, 0x00000000da180000, 0x0000000100000000)
  eden space 31232K, 0% used [0x00000000d7900000,0x00000000d7900000,0x00000000d9780000)
  from space 5120K, 99% used [0x00000000d9780000,0x00000000d9c7d8e8,0x00000000d9c80000)
  to   space 5120K, 0% used [0x00000000d9c80000,0x00000000d9c80000,0x00000000da180000)
 ParOldGen       total 83456K, used 8175K [0x0000000086a00000, 0x000000008bb80000, 0x00000000d7900000)
  object space 83456K, 9% used [0x0000000086a00000,0x00000000871fbe10,0x000000008bb80000)
 Metaspace       used 18426K, capacity 18916K, committed 19072K, reserved 1067008K
  class space    used 2251K, capacity 2366K, committed 2432K, reserved 1048576K
}

