# JRE version: Java(TM) SE Runtime Environment (8.0_281-b09) (build 1.8.0_281-b09)
# Java VM: Java HotSpot(TM) 64-Bit Server VM (25.281-b09 mixed mode windows-amd64 compressed oops)
Heap:
 PSYoungGen      total 67584K, used 34888K [0x00000000d7900000, 0x00000000dfd00000, 0x0000000100000000)
  eden space 62464K, 55% used [0x00000000d7900000,0x00000000d9b12370,0x00000000db600000)
  from space 5120K, 0% used [0x00000000db600000,0x00000000db600000,0x00000000dbb00000)
  to   space 5120K, 0% used [0x00000000df800000,0x00000000df800000,0x00000000dfd00000)
 ParOldGen       total 61440K, used 11196K [0x0000000086a00000, 0x000000008a600000, 0x00000000d7900000)
  object space 61440K, 18% used [0x0000000086a00000,0x00000000874ef070,0x000000008a600000)
 Metaspace       used 25028K, capacity 25732K, committed 25856K, reserved 1071104K
  class space    used 3115K, capacity 3295K, committed 3328K, reserved 1048576K
GC Heap History (8 events):
Event: 19.899 GC heap before
{Heap before GC invocations=1 (full 0):
 PSYoungGen      total 36352K, used 31232K [0x00000000d7900000, 0x00000000da180000, 0x0000000100000000)
  eden space 31232K, 100% used [0x00000000d7900000,0x00000000d9780000,0x00000000d9780000)
  from space 5120K, 0% used [0x00000000d9c80000,0x00000000d9c80000,0x00000000da180000)
  to   space 5120K, 0% used [0x00000000d9780000,0x00000000d9780000,0x00000000d9c80000)
 ParOldGen       total 83456K, used 0K [0x0000000086a00000, 0x000000008bb80000, 0x00000000d7900000)
  object space 83456K, 0% used [0x0000000086a00000,0x0000000086a00000,0x000000008bb80000)
 Metaspace       used 6970K, capacity 7128K, committed 7296K, reserved 1056768K
  class space    used 809K, capacity 866K, committed 896K, reserved 1048576K
Event: 20.098 GC heap after
Heap after GC invocations=1 (full 0):
 PSYoungGen      total 36352K, used 5114K [0x00000000d7900000, 0x00000000dc000000, 0x0000000100000000)
  eden space 31232K, 0% used [0x00000000d7900000,0x00000000d7900000,0x00000000d9780000)
  from space 5120K, 99% used [0x00000000d9780000,0x00000000d9c7e868,0x00000000d9c80000)
  to   space 5120K, 0% used [0x00000000dbb00000,0x00000000dbb00000,0x00000000dc000000)
 ParOldGen       total 83456K, used 352K [0x0000000086a00000, 0x000000008bb80000, 0x00000000d7900000)
  object space 83456K, 0% used [0x0000000086a00000,0x0000000086a582e0,0x000000008bb80000)
 Metaspace       used 6970K, capacity 7128K, committed 7296K, reserved 1056768K
  class space    used 809K, capacity 866K, committed 896K, reserved 1048576K
}
Event: 35.039 GC heap before
{Heap before GC invocations=2 (full 0):
 PSYoungGen      total 36352K, used 36346K [0x00000000d7900000, 0x00000000dc000000, 0x0000000100000000)
  eden space 31232K, 100% used [0x00000000d7900000,0x00000000d9780000,0x00000000d9780000)
  from space 5120K, 99% used [0x00000000d9780000,0x00000000d9c7e868,0x00000000d9c80000)
  to   space 5120K, 0% used [0x00000000dbb00000,0x00000000dbb00000,0x00000000dc000000)
 ParOldGen       total 83456K, used 352K [0x0000000086a00000, 0x000000008bb80000, 0x00000000d7900000)
  object space 83456K, 0% used [0x0000000086a00000,0x0000000086a582e0,0x000000008bb80000)
 Metaspace       used 11661K, capacity 12006K, committed 12160K, reserved 1060864K
  class space    used 1443K, capacity 1547K, committed 1664K, reserved 1048576K
Event: 35.285 GC heap after
Heap after GC invocations=2 (full 0):
 PSYoungGen      total 67584K, used 5095K [0x00000000d7900000, 0x00000000dc000000, 0x0000000100000000)
  eden space 62464K, 0% used [0x00000000d7900000,0x00000000d7900000,0x00000000db600000)
  from space 5120K, 99% used [0x00000000dbb00000,0x00000000dbff9e80,0x00000000dc000000)
  to   space 5120K, 0% used [0x00000000db600000,0x00000000db600000,0x00000000dbb00000)
 ParOldGen       total 83456K, used 2792K [0x0000000086a00000, 0x000000008bb80000, 0x00000000d7900000)
  object space 83456K, 3% used [0x0000000086a00000,0x0000000086cba090,0x000000008bb80000)
 Metaspace       used 11661K, capacity 12006K, committed 12160K, reserved 1060864K
  class space    used 1443K, capacity 1547K, committed 1664K, reserved 1048576K
}
Event: 129.330 GC heap before
{Heap before GC invocations=3 (full 0):
 PSYoungGen      total 67584K, used 45551K [0x00000000d7900000, 0x00000000dc000000, 0x0000000100000000)
  eden space 62464K, 64% used [0x00000000d7900000,0x00000000da081f10,0x00000000db600000)
  from space 5120K, 99% used [0x00000000dbb00000,0x00000000dbff9e80,0x00000000dc000000)
  to   space 5120K, 0% used [0x00000000db600000,0x00000000db600000,0x00000000dbb00000)
 ParOldGen       total 83456K, used 2792K [0x0000000086a00000, 0x000000008bb80000, 0x00000000d7900000)
  object space 83456K, 3% used [0x0000000086a00000,0x0000000086cba090,0x000000008bb80000)
 Metaspace       used 20677K, capacity 21186K, committed 21296K, reserved 1069056K
  class space    used 2527K, capacity 2673K, committed 2688K, reserved 1048576K
Event: 136.024 GC heap after
Heap after GC invocations=3 (full 0):
 PSYoungGen      total 67584K, used 5094K [0x00000000d7900000, 0x00000000dfd00000, 0x0000000100000000)
  eden space 62464K, 0% used [0x00000000d7900000,0x00000000d7900000,0x00000000db600000)
  from space 5120K, 99% used [0x00000000db600000,0x00000000dbaf98f8,0x00000000dbb00000)
  to   space 5120K, 0% used [0x00000000df800000,0x00000000df800000,0x00000000dfd00000)
 ParOldGen       total 83456K, used 9159K [0x0000000086a00000, 0x000000008bb80000, 0x00000000d7900000)
  object space 83456K, 10% used [0x0000000086a00000,0x00000000872f1f30,0x000000008bb80000)
 Metaspace       used 20677K, capacity 21186K, committed 21296K, reserved 1069056K
  class space    used 2527K, capacity 2673K, committed 2688K, reserved 1048576K
}
Event: 136.024 GC heap before
{Heap before GC invocations=4 (full 1):
 PSYoungGen      total 67584K, used 5094K [0x00000000d7900000, 0x00000000dfd00000, 0x0000000100000000)
  eden space 62464K, 0% used [0x00000000d7900000,0x00000000d7900000,0x00000000db600000)
  from space 5120K, 99% used [0x00000000db600000,0x00000000dbaf98f8,0x00000000dbb00000)
  to   space 5120K, 0% used [0x00000000df800000,0x00000000df800000,0x00000000dfd00000)
 ParOldGen       total 83456K, used 9159K [0x0000000086a00000, 0x000000008bb80000, 0x00000000d7900000)
  object space 83456K, 10% used [0x0000000086a00000,0x00000000872f1f30,0x000000008bb80000)
 Metaspace       used 20677K, capacity 21186K, committed 21296K, reserved 1069056K
  class space    used 2527K, capacity 2673K, committed 2688K, reserved 1048576K
Event: 138.201 GC heap after
Heap after GC invocations=4 (full 1):
 PSYoungGen      total 67584K, used 0K [0x00000000d7900000, 0x00000000dfd00000, 0x0000000100000000)
  eden space 62464K, 0% used [0x00000000d7900000,0x00000000d7900000,0x00000000db600000)
  from space 5120K, 0% used [0x00000000db600000,0x00000000db600000,0x00000000dbb00000)
  to   space 5120K, 0% used [0x00000000df800000,0x00000000df800000,0x00000000dfd00000)
 ParOldGen       total 61440K, used 11196K [0x0000000086a00000, 0x000000008a600000, 0x00000000d7900000)
  object space 61440K, 18% used [0x0000000086a00000,0x00000000874ef070,0x000000008a600000)
 Metaspace       used 20677K, capacity 21186K, committed 21296K, reserved 1069056K
  class space    used 2527K, capacity 2673K, committed 2688K, reserved 1048576K
}

