# JRE version: Java(TM) SE Runtime Environment (8.0_281-b09) (build 1.8.0_281-b09)
# Java VM: Java HotSpot(TM) 64-Bit Server VM (25.281-b09 mixed mode windows-amd64 compressed oops)
Heap:
 PSYoungGen      total 67584K, used 32448K [0x00000000d7900000, 0x00000000dc000000, 0x0000000100000000)
  eden space 62464K, 51% used [0x00000000d7900000,0x00000000d98b02d0,0x00000000db600000)
  from space 5120K, 0% used [0x00000000db600000,0x00000000db600000,0x00000000dbb00000)
  to   space 5120K, 0% used [0x00000000dbb00000,0x00000000dbb00000,0x00000000dc000000)
 ParOldGen       total 61440K, used 11195K [0x0000000086a00000, 0x000000008a600000, 0x00000000d7900000)
  object space 61440K, 18% used [0x0000000086a00000,0x00000000874eee28,0x000000008a600000)
 Metaspace       used 24938K, capacity 25534K, committed 25856K, reserved 1071104K
  class space    used 3104K, capacity 3256K, committed 3328K, reserved 1048576K
GC Heap History (8 events):
Event: 16.766 GC heap before
{Heap before GC invocations=1 (full 0):
 PSYoungGen      total 36352K, used 31232K [0x00000000d7900000, 0x00000000da180000, 0x0000000100000000)
  eden space 31232K, 100% used [0x00000000d7900000,0x00000000d9780000,0x00000000d9780000)
  from space 5120K, 0% used [0x00000000d9c80000,0x00000000d9c80000,0x00000000da180000)
  to   space 5120K, 0% used [0x00000000d9780000,0x00000000d9780000,0x00000000d9c80000)
 ParOldGen       total 83456K, used 0K [0x0000000086a00000, 0x000000008bb80000, 0x00000000d7900000)
  object space 83456K, 0% used [0x0000000086a00000,0x0000000086a00000,0x000000008bb80000)
 Metaspace       used 6955K, capacity 7128K, committed 7296K, reserved 1056768K
  class space    used 809K, capacity 866K, committed 896K, reserved 1048576K
Event: 17.373 GC heap after
Heap after GC invocations=1 (full 0):
 PSYoungGen      total 36352K, used 5088K [0x00000000d7900000, 0x00000000dc000000, 0x0000000100000000)
  eden space 31232K, 0% used [0x00000000d7900000,0x00000000d7900000,0x00000000d9780000)
  from space 5120K, 99% used [0x00000000d9780000,0x00000000d9c78150,0x00000000d9c80000)
  to   space 5120K, 0% used [0x00000000dbb00000,0x00000000dbb00000,0x00000000dc000000)
 ParOldGen       total 83456K, used 304K [0x0000000086a00000, 0x000000008bb80000, 0x00000000d7900000)
  object space 83456K, 0% used [0x0000000086a00000,0x0000000086a4c0d0,0x000000008bb80000)
 Metaspace       used 6955K, capacity 7128K, committed 7296K, reserved 1056768K
  class space    used 809K, capacity 866K, committed 896K, reserved 1048576K
}
Event: 32.206 GC heap before
{Heap before GC invocations=2 (full 0):
 PSYoungGen      total 36352K, used 36320K [0x00000000d7900000, 0x00000000dc000000, 0x0000000100000000)
  eden space 31232K, 100% used [0x00000000d7900000,0x00000000d9780000,0x00000000d9780000)
  from space 5120K, 99% used [0x00000000d9780000,0x00000000d9c78150,0x00000000d9c80000)
  to   space 5120K, 0% used [0x00000000dbb00000,0x00000000dbb00000,0x00000000dc000000)
 ParOldGen       total 83456K, used 304K [0x0000000086a00000, 0x000000008bb80000, 0x00000000d7900000)
  object space 83456K, 0% used [0x0000000086a00000,0x0000000086a4c0d0,0x000000008bb80000)
 Metaspace       used 11630K, capacity 12000K, committed 12160K, reserved 1060864K
  class space    used 1441K, capacity 1546K, committed 1664K, reserved 1048576K
Event: 32.904 GC heap after
Heap after GC invocations=2 (full 0):
 PSYoungGen      total 67584K, used 5095K [0x00000000d7900000, 0x00000000dc000000, 0x0000000100000000)
  eden space 62464K, 0% used [0x00000000d7900000,0x00000000d7900000,0x00000000db600000)
  from space 5120K, 99% used [0x00000000dbb00000,0x00000000dbff9e80,0x00000000dc000000)
  to   space 5120K, 0% used [0x00000000db600000,0x00000000db600000,0x00000000dbb00000)
 ParOldGen       total 83456K, used 2739K [0x0000000086a00000, 0x000000008bb80000, 0x00000000d7900000)
  object space 83456K, 3% used [0x0000000086a00000,0x0000000086cacd40,0x000000008bb80000)
 Metaspace       used 11630K, capacity 12000K, committed 12160K, reserved 1060864K
  class space    used 1441K, capacity 1546K, committed 1664K, reserved 1048576K
}
Event: 135.870 GC heap before
{Heap before GC invocations=3 (full 0):
 PSYoungGen      total 67584K, used 45821K [0x00000000d7900000, 0x00000000dc000000, 0x0000000100000000)
  eden space 62464K, 65% used [0x00000000d7900000,0x00000000da0c58a8,0x00000000db600000)
  from space 5120K, 99% used [0x00000000dbb00000,0x00000000dbff9e80,0x00000000dc000000)
  to   space 5120K, 0% used [0x00000000db600000,0x00000000db600000,0x00000000dbb00000)
 ParOldGen       total 83456K, used 2739K [0x0000000086a00000, 0x000000008bb80000, 0x00000000d7900000)
  object space 83456K, 3% used [0x0000000086a00000,0x0000000086cacd40,0x000000008bb80000)
 Metaspace       used 20679K, capacity 21186K, committed 21296K, reserved 1069056K
  class space    used 2531K, capacity 2673K, committed 2688K, reserved 1048576K
Event: 136.383 GC heap after
Heap after GC invocations=3 (full 0):
 PSYoungGen      total 67584K, used 5094K [0x00000000d7900000, 0x00000000dc000000, 0x0000000100000000)
  eden space 62464K, 0% used [0x00000000d7900000,0x00000000d7900000,0x00000000db600000)
  from space 5120K, 99% used [0x00000000db600000,0x00000000dbaf98f8,0x00000000dbb00000)
  to   space 5120K, 0% used [0x00000000dbb00000,0x00000000dbb00000,0x00000000dc000000)
 ParOldGen       total 83456K, used 9157K [0x0000000086a00000, 0x000000008bb80000, 0x00000000d7900000)
  object space 83456K, 10% used [0x0000000086a00000,0x00000000872f1410,0x000000008bb80000)
 Metaspace       used 20679K, capacity 21186K, committed 21296K, reserved 1069056K
  class space    used 2531K, capacity 2673K, committed 2688K, reserved 1048576K
}
Event: 136.383 GC heap before
{Heap before GC invocations=4 (full 1):
 PSYoungGen      total 67584K, used 5094K [0x00000000d7900000, 0x00000000dc000000, 0x0000000100000000)
  eden space 62464K, 0% used [0x00000000d7900000,0x00000000d7900000,0x00000000db600000)
  from space 5120K, 99% used [0x00000000db600000,0x00000000dbaf98f8,0x00000000dbb00000)
  to   space 5120K, 0% used [0x00000000dbb00000,0x00000000dbb00000,0x00000000dc000000)
 ParOldGen       total 83456K, used 9157K [0x0000000086a00000, 0x000000008bb80000, 0x00000000d7900000)
  object space 83456K, 10% used [0x0000000086a00000,0x00000000872f1410,0x000000008bb80000)
 Metaspace       used 20679K, capacity 21186K, committed 21296K, reserved 1069056K
  class space    used 2531K, capacity 2673K, committed 2688K, reserved 1048576K
Event: 138.549 GC heap after
Heap after GC invocations=4 (full 1):
 PSYoungGen      total 67584K, used 0K [0x00000000d7900000, 0x00000000dc000000, 0x0000000100000000)
  eden space 62464K, 0% used [0x00000000d7900000,0x00000000d7900000,0x00000000db600000)
  from space 5120K, 0% used [0x00000000db600000,0x00000000db600000,0x00000000dbb00000)
  to   space 5120K, 0% used [0x00000000dbb00000,0x00000000dbb00000,0x00000000dc000000)
 ParOldGen       total 61440K, used 11195K [0x0000000086a00000, 0x000000008a600000, 0x00000000d7900000)
  object space 61440K, 18% used [0x0000000086a00000,0x00000000874eee28,0x000000008a600000)
 Metaspace       used 20679K, capacity 21186K, committed 21296K, reserved 1069056K
  class space    used 2531K, capacity 2673K, committed 2688K, reserved 1048576K
}

