# JRE version: Java(TM) SE Runtime Environment (8.0_281-b09) (build 1.8.0_281-b09)
# Java VM: Java HotSpot(TM) 64-Bit Server VM (25.281-b09 mixed mode windows-amd64 compressed oops)
Heap:
 PSYoungGen      total 36352K, used 11049K [0x00000000d7900000, 0x00000000dbb80000, 0x0000000100000000)
  eden space 31232K, 35% used [0x00000000d7900000,0x00000000d83ca780,0x00000000d9780000)
  from space 5120K, 0% used [0x00000000db680000,0x00000000db680000,0x00000000dbb80000)
  to   space 5120K, 0% used [0x00000000d9780000,0x00000000d9780000,0x00000000d9c80000)
 ParOldGen       total 60928K, used 6329K [0x0000000086a00000, 0x000000008a580000, 0x00000000d7900000)
  object space 60928K, 10% used [0x0000000086a00000,0x000000008702e4f8,0x000000008a580000)
 Metaspace       used 24583K, capacity 25168K, committed 25600K, reserved 1071104K
  class space    used 3058K, capacity 3209K, committed 3328K, reserved 1048576K
GC Heap History (10 events):
Event: 20.599 GC heap before
{Heap before GC invocations=1 (full 0):
 PSYoungGen      total 36352K, used 31207K [0x00000000d7900000, 0x00000000da180000, 0x0000000100000000)
  eden space 31232K, 99% used [0x00000000d7900000,0x00000000d9779fe0,0x00000000d9780000)
  from space 5120K, 0% used [0x00000000d9c80000,0x00000000d9c80000,0x00000000da180000)
  to   space 5120K, 0% used [0x00000000d9780000,0x00000000d9780000,0x00000000d9c80000)
 ParOldGen       total 83456K, used 0K [0x0000000086a00000, 0x000000008bb80000, 0x00000000d7900000)
  object space 83456K, 0% used [0x0000000086a00000,0x0000000086a00000,0x000000008bb80000)
 Metaspace       used 6971K, capacity 7124K, committed 7296K, reserved 1056768K
  class space    used 809K, capacity 866K, committed 896K, reserved 1048576K
Event: 20.809 GC heap after
Heap after GC invocations=1 (full 0):
 PSYoungGen      total 36352K, used 5096K [0x00000000d7900000, 0x00000000dc000000, 0x0000000100000000)
  eden space 31232K, 0% used [0x00000000d7900000,0x00000000d7900000,0x00000000d9780000)
  from space 5120K, 99% used [0x00000000d9780000,0x00000000d9c7a320,0x00000000d9c80000)
  to   space 5120K, 0% used [0x00000000dbb00000,0x00000000dbb00000,0x00000000dc000000)
 ParOldGen       total 83456K, used 249K [0x0000000086a00000, 0x000000008bb80000, 0x00000000d7900000)
  object space 83456K, 0% used [0x0000000086a00000,0x0000000086a3e688,0x000000008bb80000)
 Metaspace       used 6971K, capacity 7124K, committed 7296K, reserved 1056768K
  class space    used 809K, capacity 866K, committed 896K, reserved 1048576K
}
Event: 35.282 GC heap before
{Heap before GC invocations=2 (full 0):
 PSYoungGen      total 36352K, used 36328K [0x00000000d7900000, 0x00000000dc000000, 0x0000000100000000)
  eden space 31232K, 100% used [0x00000000d7900000,0x00000000d9780000,0x00000000d9780000)
  from space 5120K, 99% used [0x00000000d9780000,0x00000000d9c7a320,0x00000000d9c80000)
  to   space 5120K, 0% used [0x00000000dbb00000,0x00000000dbb00000,0x00000000dc000000)
 ParOldGen       total 83456K, used 249K [0x0000000086a00000, 0x000000008bb80000, 0x00000000d7900000)
  object space 83456K, 0% used [0x0000000086a00000,0x0000000086a3e688,0x000000008bb80000)
 Metaspace       used 11661K, capacity 11990K, committed 12160K, reserved 1060864K
  class space    used 1442K, capacity 1545K, committed 1664K, reserved 1048576K
Event: 35.295 GC heap after
Heap after GC invocations=2 (full 0):
 PSYoungGen      total 36352K, used 5101K [0x00000000d7900000, 0x00000000dc000000, 0x0000000100000000)
  eden space 31232K, 0% used [0x00000000d7900000,0x00000000d7900000,0x00000000d9780000)
  from space 5120K, 99% used [0x00000000dbb00000,0x00000000dbffb6a8,0x00000000dc000000)
  to   space 5120K, 0% used [0x00000000d9780000,0x00000000d9780000,0x00000000d9c80000)
 ParOldGen       total 83456K, used 2696K [0x0000000086a00000, 0x000000008bb80000, 0x00000000d7900000)
  object space 83456K, 3% used [0x0000000086a00000,0x0000000086ca2350,0x000000008bb80000)
 Metaspace       used 11661K, capacity 11990K, committed 12160K, reserved 1060864K
  class space    used 1442K, capacity 1545K, committed 1664K, reserved 1048576K
}
Event: 47.460 GC heap before
{Heap before GC invocations=3 (full 0):
 PSYoungGen      total 36352K, used 36333K [0x00000000d7900000, 0x00000000dc000000, 0x0000000100000000)
  eden space 31232K, 100% used [0x00000000d7900000,0x00000000d9780000,0x00000000d9780000)
  from space 5120K, 99% used [0x00000000dbb00000,0x00000000dbffb6a8,0x00000000dc000000)
  to   space 5120K, 0% used [0x00000000d9780000,0x00000000d9780000,0x00000000d9c80000)
 ParOldGen       total 83456K, used 2696K [0x0000000086a00000, 0x000000008bb80000, 0x00000000d7900000)
  object space 83456K, 3% used [0x0000000086a00000,0x0000000086ca2350,0x000000008bb80000)
 Metaspace       used 18430K, capacity 18968K, committed 19328K, reserved 1067008K
  class space    used 2251K, capacity 2366K, committed 2432K, reserved 1048576K
Event: 47.492 GC heap after
Heap after GC invocations=3 (full 0):
 PSYoungGen      total 36352K, used 5110K [0x00000000d7900000, 0x00000000dbb80000, 0x0000000100000000)
  eden space 31232K, 0% used [0x00000000d7900000,0x00000000d7900000,0x00000000d9780000)
  from space 5120K, 99% used [0x00000000d9780000,0x00000000d9c7d8e8,0x00000000d9c80000)
  to   space 5120K, 0% used [0x00000000db680000,0x00000000db680000,0x00000000dbb80000)
 ParOldGen       total 83456K, used 8136K [0x0000000086a00000, 0x000000008bb80000, 0x00000000d7900000)
  object space 83456K, 9% used [0x0000000086a00000,0x00000000871f2058,0x000000008bb80000)
 Metaspace       used 18430K, capacity 18968K, committed 19328K, reserved 1067008K
  class space    used 2251K, capacity 2366K, committed 2432K, reserved 1048576K
}
Event: 139.472 GC heap before
{Heap before GC invocations=4 (full 0):
 PSYoungGen      total 36352K, used 13130K [0x00000000d7900000, 0x00000000dbb80000, 0x0000000100000000)
  eden space 31232K, 25% used [0x00000000d7900000,0x00000000d80d4f58,0x00000000d9780000)
  from space 5120K, 99% used [0x00000000d9780000,0x00000000d9c7d8e8,0x00000000d9c80000)
  to   space 5120K, 0% used [0x00000000db680000,0x00000000db680000,0x00000000dbb80000)
 ParOldGen       total 83456K, used 8136K [0x0000000086a00000, 0x000000008bb80000, 0x00000000d7900000)
  object space 83456K, 9% used [0x0000000086a00000,0x00000000871f2058,0x000000008bb80000)
 Metaspace       used 20673K, capacity 21182K, committed 21296K, reserved 1069056K
  class space    used 2531K, capacity 2673K, committed 2688K, reserved 1048576K
Event: 140.174 GC heap after
Heap after GC invocations=4 (full 0):
 PSYoungGen      total 36352K, used 5110K [0x00000000d7900000, 0x00000000dbb80000, 0x0000000100000000)
  eden space 31232K, 0% used [0x00000000d7900000,0x00000000d7900000,0x00000000d9780000)
  from space 5120K, 99% used [0x00000000db680000,0x00000000dbb7d8e8,0x00000000dbb80000)
  to   space 5120K, 0% used [0x00000000d9780000,0x00000000d9780000,0x00000000d9c80000)
 ParOldGen       total 83456K, used 9041K [0x0000000086a00000, 0x000000008bb80000, 0x00000000d7900000)
  object space 83456K, 10% used [0x0000000086a00000,0x00000000872d45e8,0x000000008bb80000)
 Metaspace       used 20673K, capacity 21182K, committed 21296K, reserved 1069056K
  class space    used 2531K, capacity 2673K, committed 2688K, reserved 1048576K
}
Event: 140.174 GC heap before
{Heap before GC invocations=5 (full 1):
 PSYoungGen      total 36352K, used 5110K [0x00000000d7900000, 0x00000000dbb80000, 0x0000000100000000)
  eden space 31232K, 0% used [0x00000000d7900000,0x00000000d7900000,0x00000000d9780000)
  from space 5120K, 99% used [0x00000000db680000,0x00000000dbb7d8e8,0x00000000dbb80000)
  to   space 5120K, 0% used [0x00000000d9780000,0x00000000d9780000,0x00000000d9c80000)
 ParOldGen       total 83456K, used 9041K [0x0000000086a00000, 0x000000008bb80000, 0x00000000d7900000)
  object space 83456K, 10% used [0x0000000086a00000,0x00000000872d45e8,0x000000008bb80000)
 Metaspace       used 20673K, capacity 21182K, committed 21296K, reserved 1069056K
  class space    used 2531K, capacity 2673K, committed 2688K, reserved 1048576K
Event: 141.029 GC heap after
Heap after GC invocations=5 (full 1):
 PSYoungGen      total 36352K, used 0K [0x00000000d7900000, 0x00000000dbb80000, 0x0000000100000000)
  eden space 31232K, 0% used [0x00000000d7900000,0x00000000d7900000,0x00000000d9780000)
  from space 5120K, 0% used [0x00000000db680000,0x00000000db680000,0x00000000dbb80000)
  to   space 5120K, 0% used [0x00000000d9780000,0x00000000d9780000,0x00000000d9c80000)
 ParOldGen       total 60928K, used 6329K [0x0000000086a00000, 0x000000008a580000, 0x00000000d7900000)
  object space 60928K, 10% used [0x0000000086a00000,0x000000008702e4f8,0x000000008a580000)
 Metaspace       used 20673K, capacity 21182K, committed 21296K, reserved 1069056K
  class space    used 2531K, capacity 2673K, committed 2688K, reserved 1048576K
}

