# JRE version: Java(TM) SE Runtime Environment (8.0_281-b09) (build 1.8.0_281-b09)
# Java VM: Java HotSpot(TM) 64-Bit Server VM (25.281-b09 mixed mode windows-amd64 compressed oops)
Heap:
 PSYoungGen      total 67584K, used 11083K [0x00000000d7900000, 0x00000000dfd00000, 0x0000000100000000)
  eden space 62464K, 17% used [0x00000000d7900000,0x00000000d83d2e18,0x00000000db600000)
  from space 5120K, 0% used [0x00000000db600000,0x00000000db600000,0x00000000dbb00000)
  to   space 5120K, 0% used [0x00000000df800000,0x00000000df800000,0x00000000dfd00000)
 ParOldGen       total 54784K, used 11196K [0x0000000086a00000, 0x0000000089f80000, 0x00000000d7900000)
  object space 54784K, 20% used [0x0000000086a00000,0x00000000874ef220,0x0000000089f80000)
 Metaspace       used 24521K, capacity 25106K, committed 25344K, reserved 1071104K
  class space    used 3047K, capacity 3208K, committed 3328K, reserved 1048576K
GC Heap History (8 events):
Event: 17.935 GC heap before
{Heap before GC invocations=1 (full 0):
 PSYoungGen      total 36352K, used 31232K [0x00000000d7900000, 0x00000000da180000, 0x0000000100000000)
  eden space 31232K, 100% used [0x00000000d7900000,0x00000000d9780000,0x00000000d9780000)
  from space 5120K, 0% used [0x00000000d9c80000,0x00000000d9c80000,0x00000000da180000)
  to   space 5120K, 0% used [0x00000000d9780000,0x00000000d9780000,0x00000000d9c80000)
 ParOldGen       total 83456K, used 0K [0x0000000086a00000, 0x000000008bb80000, 0x00000000d7900000)
  object space 83456K, 0% used [0x0000000086a00000,0x0000000086a00000,0x000000008bb80000)
 Metaspace       used 6957K, capacity 7132K, committed 7296K, reserved 1056768K
  class space    used 810K, capacity 866K, committed 896K, reserved 1048576K
Event: 18.381 GC heap after
Heap after GC invocations=1 (full 0):
 PSYoungGen      total 36352K, used 5091K [0x00000000d7900000, 0x00000000dc000000, 0x0000000100000000)
  eden space 31232K, 0% used [0x00000000d7900000,0x00000000d7900000,0x00000000d9780000)
  from space 5120K, 99% used [0x00000000d9780000,0x00000000d9c78c38,0x00000000d9c80000)
  to   space 5120K, 0% used [0x00000000dbb00000,0x00000000dbb00000,0x00000000dc000000)
 ParOldGen       total 83456K, used 343K [0x0000000086a00000, 0x000000008bb80000, 0x00000000d7900000)
  object space 83456K, 0% used [0x0000000086a00000,0x0000000086a55e88,0x000000008bb80000)
 Metaspace       used 6957K, capacity 7132K, committed 7296K, reserved 1056768K
  class space    used 810K, capacity 866K, committed 896K, reserved 1048576K
}
Event: 34.914 GC heap before
{Heap before GC invocations=2 (full 0):
 PSYoungGen      total 36352K, used 36323K [0x00000000d7900000, 0x00000000dc000000, 0x0000000100000000)
  eden space 31232K, 100% used [0x00000000d7900000,0x00000000d9780000,0x00000000d9780000)
  from space 5120K, 99% used [0x00000000d9780000,0x00000000d9c78c38,0x00000000d9c80000)
  to   space 5120K, 0% used [0x00000000dbb00000,0x00000000dbb00000,0x00000000dc000000)
 ParOldGen       total 83456K, used 343K [0x0000000086a00000, 0x000000008bb80000, 0x00000000d7900000)
  object space 83456K, 0% used [0x0000000086a00000,0x0000000086a55e88,0x000000008bb80000)
 Metaspace       used 11639K, capacity 12004K, committed 12160K, reserved 1060864K
  class space    used 1441K, capacity 1546K, committed 1664K, reserved 1048576K
Event: 35.201 GC heap after
Heap after GC invocations=2 (full 0):
 PSYoungGen      total 67584K, used 5091K [0x00000000d7900000, 0x00000000dc000000, 0x0000000100000000)
  eden space 62464K, 0% used [0x00000000d7900000,0x00000000d7900000,0x00000000db600000)
  from space 5120K, 99% used [0x00000000dbb00000,0x00000000dbff8c08,0x00000000dc000000)
  to   space 5120K, 0% used [0x00000000db600000,0x00000000db600000,0x00000000dbb00000)
 ParOldGen       total 83456K, used 2773K [0x0000000086a00000, 0x000000008bb80000, 0x00000000d7900000)
  object space 83456K, 3% used [0x0000000086a00000,0x0000000086cb57b8,0x000000008bb80000)
 Metaspace       used 11639K, capacity 12004K, committed 12160K, reserved 1060864K
  class space    used 1441K, capacity 1546K, committed 1664K, reserved 1048576K
}
Event: 138.525 GC heap before
{Heap before GC invocations=3 (full 0):
 PSYoungGen      total 67584K, used 45378K [0x00000000d7900000, 0x00000000dc000000, 0x0000000100000000)
  eden space 62464K, 64% used [0x00000000d7900000,0x00000000da057ed8,0x00000000db600000)
  from space 5120K, 99% used [0x00000000dbb00000,0x00000000dbff8c08,0x00000000dc000000)
  to   space 5120K, 0% used [0x00000000db600000,0x00000000db600000,0x00000000dbb00000)
 ParOldGen       total 83456K, used 2773K [0x0000000086a00000, 0x000000008bb80000, 0x00000000d7900000)
  object space 83456K, 3% used [0x0000000086a00000,0x0000000086cb57b8,0x000000008bb80000)
 Metaspace       used 20685K, capacity 21190K, committed 21296K, reserved 1069056K
  class space    used 2530K, capacity 2673K, committed 2688K, reserved 1048576K
Event: 140.181 GC heap after
Heap after GC invocations=3 (full 0):
 PSYoungGen      total 67584K, used 5110K [0x00000000d7900000, 0x00000000dfd00000, 0x0000000100000000)
  eden space 62464K, 0% used [0x00000000d7900000,0x00000000d7900000,0x00000000db600000)
  from space 5120K, 99% used [0x00000000db600000,0x00000000dbafd8e8,0x00000000dbb00000)
  to   space 5120K, 0% used [0x00000000df800000,0x00000000df800000,0x00000000dfd00000)
 ParOldGen       total 83456K, used 9105K [0x0000000086a00000, 0x000000008bb80000, 0x00000000d7900000)
  object space 83456K, 10% used [0x0000000086a00000,0x00000000872e4720,0x000000008bb80000)
 Metaspace       used 20685K, capacity 21190K, committed 21296K, reserved 1069056K
  class space    used 2530K, capacity 2673K, committed 2688K, reserved 1048576K
}
Event: 140.181 GC heap before
{Heap before GC invocations=4 (full 1):
 PSYoungGen      total 67584K, used 5110K [0x00000000d7900000, 0x00000000dfd00000, 0x0000000100000000)
  eden space 62464K, 0% used [0x00000000d7900000,0x00000000d7900000,0x00000000db600000)
  from space 5120K, 99% used [0x00000000db600000,0x00000000dbafd8e8,0x00000000dbb00000)
  to   space 5120K, 0% used [0x00000000df800000,0x00000000df800000,0x00000000dfd00000)
 ParOldGen       total 83456K, used 9105K [0x0000000086a00000, 0x000000008bb80000, 0x00000000d7900000)
  object space 83456K, 10% used [0x0000000086a00000,0x00000000872e4720,0x000000008bb80000)
 Metaspace       used 20685K, capacity 21190K, committed 21296K, reserved 1069056K
  class space    used 2530K, capacity 2673K, committed 2688K, reserved 1048576K
Event: 140.629 GC heap after
Heap after GC invocations=4 (full 1):
 PSYoungGen      total 67584K, used 0K [0x00000000d7900000, 0x00000000dfd00000, 0x0000000100000000)
  eden space 62464K, 0% used [0x00000000d7900000,0x00000000d7900000,0x00000000db600000)
  from space 5120K, 0% used [0x00000000db600000,0x00000000db600000,0x00000000dbb00000)
  to   space 5120K, 0% used [0x00000000df800000,0x00000000df800000,0x00000000dfd00000)
 ParOldGen       total 54784K, used 11196K [0x0000000086a00000, 0x0000000089f80000, 0x00000000d7900000)
  object space 54784K, 20% used [0x0000000086a00000,0x00000000874ef220,0x0000000089f80000)
 Metaspace       used 20685K, capacity 21190K, committed 21296K, reserved 1069056K
  class space    used 2530K, capacity 2673K, committed 2688K, reserved 1048576K
}

